<?xml version="1.0" encoding="UTF-8"?>
<!-- Generated by org.testng.reporters.JUnitReportReporter -->
<testsuite skipped="0" hostname="Amulya-PC" name="DemoA" tests="1" failures="0" timestamp="24 Jan 2019 04:58:47 GMT" time="0.048" errors="0">
  <testcase name="testA" time="0.048" classname="DemoA"/>
</testsuite> <!-- DemoA -->
